kernel32.dll : 71.0
user32.dll : 13.0
oleaut32.dll : 5.0
advapi32.dll : 6.0
comctl32.dll : 1.0
[IMAGE_DOS_HEADER]:e_magic:mean : 23117.0
[IMAGE_DOS_HEADER]:e_cblp:mean : 80.0
[IMAGE_DOS_HEADER]:e_cp:mean : 2.0
[IMAGE_DOS_HEADER]:e_cparhdr:mean : 4.0
[IMAGE_DOS_HEADER]:e_minalloc:mean : 15.0
[IMAGE_DOS_HEADER]:e_maxalloc:mean : 65535.0
[IMAGE_DOS_HEADER]:e_sp:mean : 184.0
[IMAGE_DOS_HEADER]:e_lfarlc:mean : 64.0
[IMAGE_DOS_HEADER]:e_ovno:mean : 26.0
[IMAGE_DOS_HEADER]:e_lfanew:mean : 256.0
[IMAGE_NT_HEADERS]:Signature:mean : 17744.0
[IMAGE_FILE_HEADER]:Machine:mean : 332.0
[IMAGE_FILE_HEADER]:NumberOfSections:mean : 8.0
[IMAGE_FILE_HEADER]:TimeDateStamp:mean : 708992537.0
[IMAGE_FILE_HEADER]:SizeOfOptionalHeader:mean : 4.37466164726322e-05
[IMAGE_FILE_HEADER]:Characteristics:mean : 33167.0
[IMAGE_OPTIONAL_HEADER]:Magic:mean : 267.0
[IMAGE_OPTIONAL_HEADER]:MajorLinkerVersion:mean : 2.0
[IMAGE_OPTIONAL_HEADER]:MinorLinkerVersion:mean : 25.0
[IMAGE_OPTIONAL_HEADER]:SizeOfCode:mean : 0.007899389031629584
[IMAGE_OPTIONAL_HEADER]:SizeOfInitializedData:mean : 0.09129293906174445
[IMAGE_OPTIONAL_HEADER]:BaseOfCode:mean : 4096.0
[IMAGE_OPTIONAL_HEADER]:BaseOfData:mean : 45056.0
[IMAGE_OPTIONAL_HEADER]:ImageBase:mean : 4194304.0
[IMAGE_OPTIONAL_HEADER]:SectionAlignment:mean : 4096.0
[IMAGE_OPTIONAL_HEADER]:FileAlignment:mean : 512.0
[IMAGE_OPTIONAL_HEADER]:MajorOperatingSystemVersion:mean : 1.0
[IMAGE_OPTIONAL_HEADER]:MajorImageVersion:mean : 6.0
[IMAGE_OPTIONAL_HEADER]:MajorSubsystemVersion:mean : 4.0
[IMAGE_OPTIONAL_HEADER]:SizeOfImage:mean : 0.10479189500187094
[IMAGE_OPTIONAL_HEADER]:SizeOfHeaders:mean : 0.00019998453244631862
[IMAGE_OPTIONAL_HEADER]:CheckSum:mean : 22382548.0
[IMAGE_OPTIONAL_HEADER]:Subsystem:mean : 2.0
[IMAGE_OPTIONAL_HEADER]:DllCharacteristics:mean : 32768.0
[IMAGE_OPTIONAL_HEADER]:SizeOfStackReserve:mean : 0.20478416122503026
[IMAGE_OPTIONAL_HEADER]:SizeOfStackCommit:mean : 0.003199752519141098
[IMAGE_OPTIONAL_HEADER]:SizeOfHeapReserve:mean : 0.20478416122503026
[IMAGE_OPTIONAL_HEADER]:SizeOfHeapCommit:mean : 0.0007999381297852745
[IMAGE_OPTIONAL_HEADER]:NumberOfRvaAndSizes:mean : 3.1247583194737284e-06
[IMAGE_SECTION_HEADER]#CODE:Misc:mean : 40240.0
[IMAGE_SECTION_HEADER]#CODE:Misc_VirtualSize:mean : 0.007858767173476427
[IMAGE_SECTION_HEADER]#CODE:SizeOfRawData:mean : 0.007899389031629584
[IMAGE_SECTION_HEADER]#CODE:PointerToRawData:mean : 1024.0
[IMAGE_SECTION_HEADER]#CODE:Characteristics:mean : 1610612768.0
[IMAGE_SECTION_HEADER]#CODE:Entropy:mean : 6.631603
[IMAGE_SECTION_HEADER]#DATA:Misc:mean : 592.0
[IMAGE_SECTION_HEADER]#DATA:Misc_VirtualSize:mean : 0.00011561605782052795
[IMAGE_SECTION_HEADER]#DATA:SizeOfRawData:mean : 0.00019998453244631862
[IMAGE_SECTION_HEADER]#DATA:PointerToRawData:mean : 41472.0
[IMAGE_SECTION_HEADER]#DATA:Characteristics:mean : 3221225536.0
[IMAGE_SECTION_HEADER]#DATA:Entropy:mean : 2.754717
[IMAGE_SECTION_HEADER]#BSS:Misc:mean : 3728.0
[IMAGE_SECTION_HEADER]#BSS:Misc_VirtualSize:mean : 0.0007280686884373786
[IMAGE_SECTION_HEADER]#BSS:PointerToRawData:mean : 42496.0
[IMAGE_SECTION_HEADER]#BSS:Characteristics:mean : 3221225472.0
[IMAGE_SECTION_HEADER]#.idata:Misc:mean : 2384.0
[IMAGE_SECTION_HEADER]#.idata:Misc_VirtualSize:mean : 0.0004655889896015855
[IMAGE_SECTION_HEADER]#.idata:SizeOfRawData:mean : 0.0004999613311157965
[IMAGE_SECTION_HEADER]#.idata:PointerToRawData:mean : 42496.0
[IMAGE_SECTION_HEADER]#.idata:Characteristics:mean : 3221225536.0
[IMAGE_SECTION_HEADER]#.idata:Entropy:mean : 4.430733
[IMAGE_SECTION_HEADER]#.tls:Misc:mean : 8.0
[IMAGE_SECTION_HEADER]#.tls:Misc_VirtualSize:mean : 1.5623791597368642e-06
[IMAGE_SECTION_HEADER]#.tls:PointerToRawData:mean : 45056.0
[IMAGE_SECTION_HEADER]#.tls:Characteristics:mean : 3221225472.0
[IMAGE_SECTION_HEADER]#.rdata:Misc:mean : 24.0
[IMAGE_SECTION_HEADER]#.rdata:Misc_VirtualSize:mean : 4.687137479210592e-06
[IMAGE_SECTION_HEADER]#.rdata:SizeOfRawData:mean : 9.999226622315931e-05
[IMAGE_SECTION_HEADER]#.rdata:PointerToRawData:mean : 45056.0
[IMAGE_SECTION_HEADER]#.rdata:Characteristics:mean : 1342177344.0
[IMAGE_SECTION_HEADER]#.rdata:Entropy:mean : 0.204488
[IMAGE_SECTION_HEADER]#.reloc:Misc:mean : 2244.0
[IMAGE_SECTION_HEADER]#.reloc:Misc_VirtualSize:mean : 0.0004382473543061904
[IMAGE_SECTION_HEADER]#.reloc:Characteristics:mean : 1342177344.0
[IMAGE_SECTION_HEADER]#.rsrc:Misc:mean : 463308.0
[IMAGE_SECTION_HEADER]#.rsrc:Misc_VirtualSize:mean : 0.09048284546742089
[IMAGE_SECTION_HEADER]#.rsrc:SizeOfRawData:mean : 0.09049300093195917
[IMAGE_SECTION_HEADER]#.rsrc:PointerToRawData:mean : 45568.0
[IMAGE_SECTION_HEADER]#.rsrc:Characteristics:mean : 1342177344.0
[IMAGE_SECTION_HEADER]#.rsrc:Entropy:mean : 4.456822
[IMAGE_DIRECTORY_ENTRY_IMPORT]:Size:mean : 0.0004655889896015855
[IMAGE_DIRECTORY_ENTRY_RESOURCE]:Size:mean : 0.09048284546742089
[IMAGE_DIRECTORY_ENTRY_SECURITY]:Size:mean : 0.0017201794548702873
[IMAGE_DIRECTORY_ENTRY_TLS]:Size:mean : 4.687137479210592e-06
[VS_VERSIONINFO]:Length:mean : 1268.0
[VS_VERSIONINFO]:ValueLength:mean : 52.0
[VS_FIXEDFILEINFO]:Signature:mean : 4277077181.0
[VS_FIXEDFILEINFO]:StrucVersion:mean : 65536.0
[VS_FIXEDFILEINFO]:FileVersionMS:mean : 262144.0
[VS_FIXEDFILEINFO]:FileVersionLS:mean : 64.0
[VS_FIXEDFILEINFO]:ProductVersionMS:mean : 262144.0
[VS_FIXEDFILEINFO]:ProductVersionLS:mean : 64.0
[VS_FIXEDFILEINFO]:FileFlagsMask:mean : 63.0
[VS_FIXEDFILEINFO]:FileOS:mean : 4.0
[VS_FIXEDFILEINFO]:FileType:mean : 1.0
[VarFileInfo]:Length:mean : 68.0
[VarFileInfo]:Type:mean : 1.0
  [Var]:Length:mean : 36.0
  [Var]:ValueLength:mean : 4.0
[IMAGE_IMPORT_DESCRIPTOR]:Name:mean : 54756.25
[IMAGE_IMPORT_DESCRIPTOR]:ctr : 0.046511627906976744
[IMAGE_IMPORT_DESCRIPTOR]:Name:min : 53844.0
[IMAGE_IMPORT_DESCRIPTOR]:Name:max : 55594.0
[IMAGE_IMPORT_DESCRIPTOR]:FirstThunk:mean : 53642.5
[IMAGE_IMPORT_DESCRIPTOR]:FirstThunk:min : 53428.0
[IMAGE_IMPORT_DESCRIPTOR]:FirstThunk:max : 53836.0
[IMAGE_RESOURCE_DIRECTORY]:MajorVersion:mean : 4.0
[IMAGE_RESOURCE_DIRECTORY]:NumberOfIdEntries:mean : 6.0
  [IMAGE_RESOURCE_DIRECTORY_ENTRY]:Name:mean : 12.166666666666666
  [IMAGE_RESOURCE_DIRECTORY_ENTRY]:ctr : 0.03488372093023256
  [IMAGE_RESOURCE_DIRECTORY_ENTRY]:Name:min : 3.0
  [IMAGE_RESOURCE_DIRECTORY_ENTRY]:Name:max : 24.0
  [IMAGE_RESOURCE_DIRECTORY_ENTRY]:OffsetToData:mean : 2147483872.0
  [IMAGE_RESOURCE_DIRECTORY_ENTRY]:OffsetToData:min : 2147483712.0
  [IMAGE_RESOURCE_DIRECTORY_ENTRY]:OffsetToData:max : 2147483960.0
    [IMAGE_RESOURCE_DIRECTORY]:MajorVersion:mean : 4.0
    [IMAGE_RESOURCE_DIRECTORY]:NumberOfNamedEntries:mean : 0.16666666666666666
    [IMAGE_RESOURCE_DIRECTORY]:ctr : 0.03488372093023256
    [IMAGE_RESOURCE_DIRECTORY]:NumberOfNamedEntries:min : 0.0
    [IMAGE_RESOURCE_DIRECTORY]:NumberOfNamedEntries:max : 1.0
    [IMAGE_RESOURCE_DIRECTORY]:NumberOfIdEntries:mean : 3.5
    [IMAGE_RESOURCE_DIRECTORY]:NumberOfIdEntries:min : 0.0
    [IMAGE_RESOURCE_DIRECTORY]:NumberOfIdEntries:max : 12.0
      [IMAGE_RESOURCE_DIRECTORY_ENTRY]:Name:mean : 97614573.04545455
      [IMAGE_RESOURCE_DIRECTORY_ENTRY]:ctr : 0.12790697674418605
      [IMAGE_RESOURCE_DIRECTORY_ENTRY]:Name:min : 1.0
      [IMAGE_RESOURCE_DIRECTORY_ENTRY]:Name:max : 2147484864.0
      [IMAGE_RESOURCE_DIRECTORY_ENTRY]:OffsetToData:mean : 2147484236.0
      [IMAGE_RESOURCE_DIRECTORY_ENTRY]:OffsetToData:min : 2147483984.0
      [IMAGE_RESOURCE_DIRECTORY_ENTRY]:OffsetToData:max : 2147484488.0
        [IMAGE_RESOURCE_DIRECTORY]:MajorVersion:mean : 4.0
        [IMAGE_RESOURCE_DIRECTORY]:NumberOfIdEntries:mean : 1.0
          [IMAGE_RESOURCE_DIRECTORY_ENTRY]:Name:mean : 704.3181818181819
          [IMAGE_RESOURCE_DIRECTORY_ENTRY]:ctr : 0.12790697674418605
          [IMAGE_RESOURCE_DIRECTORY_ENTRY]:Name:min : 0.0
          [IMAGE_RESOURCE_DIRECTORY_ENTRY]:Name:max : 1033.0
          [IMAGE_RESOURCE_DIRECTORY_ENTRY]:OffsetToData:mean : 1032.0
          [IMAGE_RESOURCE_DIRECTORY_ENTRY]:OffsetToData:min : 864.0
          [IMAGE_RESOURCE_DIRECTORY_ENTRY]:OffsetToData:max : 1200.0
            [IMAGE_RESOURCE_DATA_ENTRY]:OffsetToData:mean : 414354.54545454547
            [IMAGE_RESOURCE_DATA_ENTRY]:ctr : 0.12790697674418605
            [IMAGE_RESOURCE_DATA_ENTRY]:OffsetToData:min : 70868.0
            [IMAGE_RESOURCE_DATA_ENTRY]:OffsetToData:max : 531360.0
            [IMAGE_RESOURCE_DATA_ENTRY]:Size:mean : 0.004101813432185537
            [IMAGE_RESOURCE_DATA_ENTRY]:Size:min : 44.0
            [IMAGE_RESOURCE_DATA_ENTRY]:Size:max : 270376.0
            [IMAGE_RESOURCE_DATA_ENTRY]:CodePage:mean : 1252.0
