[IMAGE_IMPORT_DESCRIPTOR]:kernel32.dll : 71.0
[IMAGE_IMPORT_DESCRIPTOR]:user32.dll : 13.0
[IMAGE_IMPORT_DESCRIPTOR]:oleaut32.dll : 5.0
[IMAGE_IMPORT_DESCRIPTOR]:advapi32.dll : 6.0
[IMAGE_IMPORT_DESCRIPTOR]:comctl32.dll : 1.0
[IMAGE_DOS_HEADER]:e_magic:ctr : 1.0
[IMAGE_DOS_HEADER]:e_magic:mean : 23117.0
[IMAGE_DOS_HEADER]:e_cblp:ctr : 1.0
[IMAGE_DOS_HEADER]:e_cblp:mean : 80.0
[IMAGE_DOS_HEADER]:e_cp:ctr : 1.0
[IMAGE_DOS_HEADER]:e_cp:mean : 2.0
[IMAGE_DOS_HEADER]:e_crlc:ctr : 1.0
[IMAGE_DOS_HEADER]:e_crlc:mean : 0.0
[IMAGE_DOS_HEADER]:e_cparhdr:ctr : 1.0
[IMAGE_DOS_HEADER]:e_cparhdr:mean : 4.0
[IMAGE_DOS_HEADER]:e_minalloc:ctr : 1.0
[IMAGE_DOS_HEADER]:e_minalloc:mean : 15.0
[IMAGE_DOS_HEADER]:e_maxalloc:ctr : 1.0
[IMAGE_DOS_HEADER]:e_maxalloc:mean : 65535.0
[IMAGE_DOS_HEADER]:e_ss:ctr : 1.0
[IMAGE_DOS_HEADER]:e_ss:mean : 0.0
[IMAGE_DOS_HEADER]:e_sp:ctr : 1.0
[IMAGE_DOS_HEADER]:e_sp:mean : 184.0
[IMAGE_DOS_HEADER]:e_csum:ctr : 1.0
[IMAGE_DOS_HEADER]:e_csum:mean : 0.0
[IMAGE_DOS_HEADER]:e_ip:ctr : 1.0
[IMAGE_DOS_HEADER]:e_ip:mean : 0.0
[IMAGE_DOS_HEADER]:e_cs:ctr : 1.0
[IMAGE_DOS_HEADER]:e_cs:mean : 0.0
[IMAGE_DOS_HEADER]:e_lfarlc:ctr : 1.0
[IMAGE_DOS_HEADER]:e_lfarlc:mean : 64.0
[IMAGE_DOS_HEADER]:e_ovno:ctr : 1.0
[IMAGE_DOS_HEADER]:e_ovno:mean : 26.0
[IMAGE_DOS_HEADER]:e_oemid:ctr : 1.0
[IMAGE_DOS_HEADER]:e_oemid:mean : 0.0
[IMAGE_DOS_HEADER]:e_oeminfo:ctr : 1.0
[IMAGE_DOS_HEADER]:e_oeminfo:mean : 0.0
[IMAGE_DOS_HEADER]:e_lfanew:ctr : 1.0
[IMAGE_DOS_HEADER]:e_lfanew:mean : 256.0
[IMAGE_NT_HEADERS]:Signature:ctr : 1.0
[IMAGE_NT_HEADERS]:Signature:mean : 17744.0
[IMAGE_FILE_HEADER]:Machine:ctr : 1.0
[IMAGE_FILE_HEADER]:Machine:mean : 332.0
[IMAGE_FILE_HEADER]:NumberOfSections:ctr : 1.0
[IMAGE_FILE_HEADER]:NumberOfSections:mean : 8.0
[IMAGE_FILE_HEADER]:TimeDateStamp:ctr : 1.0
[IMAGE_FILE_HEADER]:TimeDateStamp:mean : 708992537.0
[IMAGE_FILE_HEADER]:PointerToSymbolTable:ctr : 1.0
[IMAGE_FILE_HEADER]:PointerToSymbolTable:mean : 0.0
[IMAGE_FILE_HEADER]:NumberOfSymbols:ctr : 1.0
[IMAGE_FILE_HEADER]:NumberOfSymbols:mean : 0.0
[IMAGE_FILE_HEADER]:SizeOfOptionalHeader:ctr : 1.0
[IMAGE_FILE_HEADER]:SizeOfOptionalHeader:mean : 224.0
[IMAGE_FILE_HEADER]:Characteristics:ctr : 1.0
[IMAGE_FILE_HEADER]:Characteristics:mean : 33167.0
[IMAGE_OPTIONAL_HEADER]:Magic:ctr : 1.0
[IMAGE_OPTIONAL_HEADER]:Magic:mean : 267.0
[IMAGE_OPTIONAL_HEADER]:MajorLinkerVersion:ctr : 1.0
[IMAGE_OPTIONAL_HEADER]:MajorLinkerVersion:mean : 2.0
[IMAGE_OPTIONAL_HEADER]:MinorLinkerVersion:ctr : 1.0
[IMAGE_OPTIONAL_HEADER]:MinorLinkerVersion:mean : 25.0
[IMAGE_OPTIONAL_HEADER]:SizeOfCode:ctr : 1.0
[IMAGE_OPTIONAL_HEADER]:SizeOfCode:mean : 40448.0
[IMAGE_OPTIONAL_HEADER]:SizeOfInitializedData:ctr : 1.0
[IMAGE_OPTIONAL_HEADER]:SizeOfInitializedData:mean : 467456.0
[IMAGE_OPTIONAL_HEADER]:SizeOfUninitializedData:ctr : 1.0
[IMAGE_OPTIONAL_HEADER]:SizeOfUninitializedData:mean : 0.0
[IMAGE_OPTIONAL_HEADER]:AddressOfEntryPoint:ctr : 1.0
[IMAGE_OPTIONAL_HEADER]:AddressOfEntryPoint:mean : 42488.0
[IMAGE_OPTIONAL_HEADER]:BaseOfCode:ctr : 1.0
[IMAGE_OPTIONAL_HEADER]:BaseOfCode:mean : 4096.0
[IMAGE_OPTIONAL_HEADER]:BaseOfData:ctr : 1.0
[IMAGE_OPTIONAL_HEADER]:BaseOfData:mean : 45056.0
[IMAGE_OPTIONAL_HEADER]:ImageBase:ctr : 1.0
[IMAGE_OPTIONAL_HEADER]:ImageBase:mean : 4194304.0
[IMAGE_OPTIONAL_HEADER]:SectionAlignment:ctr : 1.0
[IMAGE_OPTIONAL_HEADER]:SectionAlignment:mean : 4096.0
[IMAGE_OPTIONAL_HEADER]:FileAlignment:ctr : 1.0
[IMAGE_OPTIONAL_HEADER]:FileAlignment:mean : 512.0
[IMAGE_OPTIONAL_HEADER]:MajorOperatingSystemVersion:ctr : 1.0
[IMAGE_OPTIONAL_HEADER]:MajorOperatingSystemVersion:mean : 1.0
[IMAGE_OPTIONAL_HEADER]:MinorOperatingSystemVersion:ctr : 1.0
[IMAGE_OPTIONAL_HEADER]:MinorOperatingSystemVersion:mean : 0.0
[IMAGE_OPTIONAL_HEADER]:MajorImageVersion:ctr : 1.0
[IMAGE_OPTIONAL_HEADER]:MajorImageVersion:mean : 6.0
[IMAGE_OPTIONAL_HEADER]:MinorImageVersion:ctr : 1.0
[IMAGE_OPTIONAL_HEADER]:MinorImageVersion:mean : 0.0
[IMAGE_OPTIONAL_HEADER]:MajorSubsystemVersion:ctr : 1.0
[IMAGE_OPTIONAL_HEADER]:MajorSubsystemVersion:mean : 4.0
[IMAGE_OPTIONAL_HEADER]:MinorSubsystemVersion:ctr : 1.0
[IMAGE_OPTIONAL_HEADER]:MinorSubsystemVersion:mean : 0.0
[IMAGE_OPTIONAL_HEADER]:Reserved1:ctr : 1.0
[IMAGE_OPTIONAL_HEADER]:Reserved1:mean : 0.0
[IMAGE_OPTIONAL_HEADER]:SizeOfImage:ctr : 1.0
[IMAGE_OPTIONAL_HEADER]:SizeOfImage:mean : 536576.0
[IMAGE_OPTIONAL_HEADER]:SizeOfHeaders:ctr : 1.0
[IMAGE_OPTIONAL_HEADER]:SizeOfHeaders:mean : 1024.0
[IMAGE_OPTIONAL_HEADER]:CheckSum:ctr : 1.0
[IMAGE_OPTIONAL_HEADER]:CheckSum:mean : 22382548.0
[IMAGE_OPTIONAL_HEADER]:Subsystem:ctr : 1.0
[IMAGE_OPTIONAL_HEADER]:Subsystem:mean : 2.0
[IMAGE_OPTIONAL_HEADER]:DllCharacteristics:ctr : 1.0
[IMAGE_OPTIONAL_HEADER]:DllCharacteristics:mean : 32768.0
[IMAGE_OPTIONAL_HEADER]:SizeOfStackReserve:ctr : 1.0
[IMAGE_OPTIONAL_HEADER]:SizeOfStackReserve:mean : 1048576.0
[IMAGE_OPTIONAL_HEADER]:SizeOfStackCommit:ctr : 1.0
[IMAGE_OPTIONAL_HEADER]:SizeOfStackCommit:mean : 16384.0
[IMAGE_OPTIONAL_HEADER]:SizeOfHeapReserve:ctr : 1.0
[IMAGE_OPTIONAL_HEADER]:SizeOfHeapReserve:mean : 1048576.0
[IMAGE_OPTIONAL_HEADER]:SizeOfHeapCommit:ctr : 1.0
[IMAGE_OPTIONAL_HEADER]:SizeOfHeapCommit:mean : 4096.0
[IMAGE_OPTIONAL_HEADER]:LoaderFlags:ctr : 1.0
[IMAGE_OPTIONAL_HEADER]:LoaderFlags:mean : 0.0
[IMAGE_OPTIONAL_HEADER]:NumberOfRvaAndSizes:ctr : 1.0
[IMAGE_OPTIONAL_HEADER]:NumberOfRvaAndSizes:mean : 16.0
[IMAGE_SECTION_HEADER]:Misc:ctr : 8.0
[IMAGE_SECTION_HEADER]:Misc:mean : 64066.0
[IMAGE_SECTION_HEADER]:Misc:min : 8.0
[IMAGE_SECTION_HEADER]:Misc:max : 463308.0
[IMAGE_SECTION_HEADER]:Misc_PhysicalAddress:ctr : 8.0
[IMAGE_SECTION_HEADER]:Misc_PhysicalAddress:mean : 64066.0
[IMAGE_SECTION_HEADER]:Misc_PhysicalAddress:min : 8.0
[IMAGE_SECTION_HEADER]:Misc_PhysicalAddress:max : 463308.0
[IMAGE_SECTION_HEADER]:Misc_VirtualSize:ctr : 8.0
[IMAGE_SECTION_HEADER]:Misc_VirtualSize:mean : 64066.0
[IMAGE_SECTION_HEADER]:Misc_VirtualSize:min : 8.0
[IMAGE_SECTION_HEADER]:Misc_VirtualSize:max : 463308.0
[IMAGE_SECTION_HEADER]:VirtualAddress:ctr : 8.0
[IMAGE_SECTION_HEADER]:VirtualAddress:mean : 50688.0
[IMAGE_SECTION_HEADER]:VirtualAddress:min : 4096.0
[IMAGE_SECTION_HEADER]:VirtualAddress:max : 69632.0
[IMAGE_SECTION_HEADER]:SizeOfRawData:ctr : 8.0
[IMAGE_SECTION_HEADER]:SizeOfRawData:mean : 63488.0
[IMAGE_SECTION_HEADER]:SizeOfRawData:min : 0.0
[IMAGE_SECTION_HEADER]:SizeOfRawData:max : 463360.0
[IMAGE_SECTION_HEADER]:PointerToRawData:ctr : 8.0
[IMAGE_SECTION_HEADER]:PointerToRawData:mean : 32896.0
[IMAGE_SECTION_HEADER]:PointerToRawData:min : 0.0
[IMAGE_SECTION_HEADER]:PointerToRawData:max : 45568.0
[IMAGE_SECTION_HEADER]:PointerToRelocations:ctr : 8.0
[IMAGE_SECTION_HEADER]:PointerToRelocations:mean : 0.0
[IMAGE_SECTION_HEADER]:PointerToRelocations:min : 0.0
[IMAGE_SECTION_HEADER]:PointerToRelocations:max : 0.0
[IMAGE_SECTION_HEADER]:PointerToLinenumbers:ctr : 8.0
[IMAGE_SECTION_HEADER]:PointerToLinenumbers:mean : 0.0
[IMAGE_SECTION_HEADER]:PointerToLinenumbers:min : 0.0
[IMAGE_SECTION_HEADER]:PointerToLinenumbers:max : 0.0
[IMAGE_SECTION_HEADER]:NumberOfRelocations:ctr : 8.0
[IMAGE_SECTION_HEADER]:NumberOfRelocations:mean : 0.0
[IMAGE_SECTION_HEADER]:NumberOfRelocations:min : 0.0
[IMAGE_SECTION_HEADER]:NumberOfRelocations:max : 0.0
[IMAGE_SECTION_HEADER]:NumberOfLinenumbers:ctr : 8.0
[IMAGE_SECTION_HEADER]:NumberOfLinenumbers:mean : 0.0
[IMAGE_SECTION_HEADER]:NumberOfLinenumbers:min : 0.0
[IMAGE_SECTION_HEADER]:NumberOfLinenumbers:max : 0.0
[IMAGE_SECTION_HEADER]:Characteristics:ctr : 8.0
[IMAGE_SECTION_HEADER]:Characteristics:mean : 2315255852.0
[IMAGE_SECTION_HEADER]:Characteristics:min : 1000000000.0
[IMAGE_SECTION_HEADER]:Characteristics:max : 3221225536.0
[IMAGE_SECTION_HEADER]:Entropy:ctr : 8.0
[IMAGE_SECTION_HEADER]:Entropy:mean : 2.3097953749999998
[IMAGE_SECTION_HEADER]:Entropy:min : 0.0
[IMAGE_SECTION_HEADER]:Entropy:max : 6.631603
[IMAGE_DIRECTORY_ENTRY_EXPORT]:VirtualAddress:ctr : 1.0
[IMAGE_DIRECTORY_ENTRY_EXPORT]:VirtualAddress:mean : 0.0
[IMAGE_DIRECTORY_ENTRY_EXPORT]:Size:ctr : 1.0
[IMAGE_DIRECTORY_ENTRY_EXPORT]:Size:mean : 0.0
[IMAGE_DIRECTORY_ENTRY_IMPORT]:VirtualAddress:ctr : 1.0
[IMAGE_DIRECTORY_ENTRY_IMPORT]:VirtualAddress:mean : 53248.0
[IMAGE_DIRECTORY_ENTRY_IMPORT]:Size:ctr : 1.0
[IMAGE_DIRECTORY_ENTRY_IMPORT]:Size:mean : 2384.0
[IMAGE_DIRECTORY_ENTRY_RESOURCE]:VirtualAddress:ctr : 1.0
[IMAGE_DIRECTORY_ENTRY_RESOURCE]:VirtualAddress:mean : 69632.0
[IMAGE_DIRECTORY_ENTRY_RESOURCE]:Size:ctr : 1.0
[IMAGE_DIRECTORY_ENTRY_RESOURCE]:Size:mean : 463308.0
[IMAGE_DIRECTORY_ENTRY_EXCEPTION]:VirtualAddress:ctr : 1.0
[IMAGE_DIRECTORY_ENTRY_EXCEPTION]:VirtualAddress:mean : 0.0
[IMAGE_DIRECTORY_ENTRY_EXCEPTION]:Size:ctr : 1.0
[IMAGE_DIRECTORY_ENTRY_EXCEPTION]:Size:mean : 0.0
[IMAGE_DIRECTORY_ENTRY_SECURITY]:VirtualAddress:ctr : 1.0
[IMAGE_DIRECTORY_ENTRY_SECURITY]:VirtualAddress:mean : 22347216.0
[IMAGE_DIRECTORY_ENTRY_SECURITY]:Size:ctr : 1.0
[IMAGE_DIRECTORY_ENTRY_SECURITY]:Size:mean : 8808.0
[IMAGE_DIRECTORY_ENTRY_BASERELOC]:VirtualAddress:ctr : 1.0
[IMAGE_DIRECTORY_ENTRY_BASERELOC]:VirtualAddress:mean : 65536.0
[IMAGE_DIRECTORY_ENTRY_BASERELOC]:Size:ctr : 1.0
[IMAGE_DIRECTORY_ENTRY_BASERELOC]:Size:mean : 0.0
[IMAGE_DIRECTORY_ENTRY_DEBUG]:VirtualAddress:ctr : 1.0
[IMAGE_DIRECTORY_ENTRY_DEBUG]:VirtualAddress:mean : 0.0
[IMAGE_DIRECTORY_ENTRY_DEBUG]:Size:ctr : 1.0
[IMAGE_DIRECTORY_ENTRY_DEBUG]:Size:mean : 0.0
[IMAGE_DIRECTORY_ENTRY_COPYRIGHT]:VirtualAddress:ctr : 1.0
[IMAGE_DIRECTORY_ENTRY_COPYRIGHT]:VirtualAddress:mean : 0.0
[IMAGE_DIRECTORY_ENTRY_COPYRIGHT]:Size:ctr : 1.0
[IMAGE_DIRECTORY_ENTRY_COPYRIGHT]:Size:mean : 0.0
[IMAGE_DIRECTORY_ENTRY_GLOBALPTR]:VirtualAddress:ctr : 1.0
[IMAGE_DIRECTORY_ENTRY_GLOBALPTR]:VirtualAddress:mean : 0.0
[IMAGE_DIRECTORY_ENTRY_GLOBALPTR]:Size:ctr : 1.0
[IMAGE_DIRECTORY_ENTRY_GLOBALPTR]:Size:mean : 0.0
[IMAGE_DIRECTORY_ENTRY_TLS]:VirtualAddress:ctr : 1.0
[IMAGE_DIRECTORY_ENTRY_TLS]:VirtualAddress:mean : 61440.0
[IMAGE_DIRECTORY_ENTRY_TLS]:Size:ctr : 1.0
[IMAGE_DIRECTORY_ENTRY_TLS]:Size:mean : 24.0
[IMAGE_DIRECTORY_ENTRY_LOAD_CONFIG]:VirtualAddress:ctr : 1.0
[IMAGE_DIRECTORY_ENTRY_LOAD_CONFIG]:VirtualAddress:mean : 0.0
[IMAGE_DIRECTORY_ENTRY_LOAD_CONFIG]:Size:ctr : 1.0
[IMAGE_DIRECTORY_ENTRY_LOAD_CONFIG]:Size:mean : 0.0
[IMAGE_DIRECTORY_ENTRY_BOUND_IMPORT]:VirtualAddress:ctr : 1.0
[IMAGE_DIRECTORY_ENTRY_BOUND_IMPORT]:VirtualAddress:mean : 0.0
[IMAGE_DIRECTORY_ENTRY_BOUND_IMPORT]:Size:ctr : 1.0
[IMAGE_DIRECTORY_ENTRY_BOUND_IMPORT]:Size:mean : 0.0
[IMAGE_DIRECTORY_ENTRY_IAT]:VirtualAddress:ctr : 1.0
[IMAGE_DIRECTORY_ENTRY_IAT]:VirtualAddress:mean : 0.0
[IMAGE_DIRECTORY_ENTRY_IAT]:Size:ctr : 1.0
[IMAGE_DIRECTORY_ENTRY_IAT]:Size:mean : 0.0
[IMAGE_DIRECTORY_ENTRY_DELAY_IMPORT]:VirtualAddress:ctr : 1.0
[IMAGE_DIRECTORY_ENTRY_DELAY_IMPORT]:VirtualAddress:mean : 0.0
[IMAGE_DIRECTORY_ENTRY_DELAY_IMPORT]:Size:ctr : 1.0
[IMAGE_DIRECTORY_ENTRY_DELAY_IMPORT]:Size:mean : 0.0
[IMAGE_DIRECTORY_ENTRY_COM_DESCRIPTOR]:VirtualAddress:ctr : 1.0
[IMAGE_DIRECTORY_ENTRY_COM_DESCRIPTOR]:VirtualAddress:mean : 0.0
[IMAGE_DIRECTORY_ENTRY_COM_DESCRIPTOR]:Size:ctr : 1.0
[IMAGE_DIRECTORY_ENTRY_COM_DESCRIPTOR]:Size:mean : 0.0
[IMAGE_DIRECTORY_ENTRY_RESERVED]:VirtualAddress:ctr : 1.0
[IMAGE_DIRECTORY_ENTRY_RESERVED]:VirtualAddress:mean : 0.0
[IMAGE_DIRECTORY_ENTRY_RESERVED]:Size:ctr : 1.0
[IMAGE_DIRECTORY_ENTRY_RESERVED]:Size:mean : 0.0
[VS_VERSIONINFO]:Length:ctr : 1.0
[VS_VERSIONINFO]:Length:mean : 1268.0
[VS_VERSIONINFO]:ValueLength:ctr : 1.0
[VS_VERSIONINFO]:ValueLength:mean : 52.0
[VS_VERSIONINFO]:Type:ctr : 1.0
[VS_VERSIONINFO]:Type:mean : 0.0
[VS_FIXEDFILEINFO]:Signature:ctr : 1.0
[VS_FIXEDFILEINFO]:Signature:mean : 4277077181.0
[VS_FIXEDFILEINFO]:StrucVersion:ctr : 1.0
[VS_FIXEDFILEINFO]:StrucVersion:mean : 65536.0
[VS_FIXEDFILEINFO]:FileVersionMS:ctr : 1.0
[VS_FIXEDFILEINFO]:FileVersionMS:mean : 262144.0
[VS_FIXEDFILEINFO]:FileVersionLS:ctr : 1.0
[VS_FIXEDFILEINFO]:FileVersionLS:mean : 64.0
[VS_FIXEDFILEINFO]:ProductVersionMS:ctr : 1.0
[VS_FIXEDFILEINFO]:ProductVersionMS:mean : 262144.0
[VS_FIXEDFILEINFO]:ProductVersionLS:ctr : 1.0
[VS_FIXEDFILEINFO]:ProductVersionLS:mean : 64.0
[VS_FIXEDFILEINFO]:FileFlagsMask:ctr : 1.0
[VS_FIXEDFILEINFO]:FileFlagsMask:mean : 63.0
[VS_FIXEDFILEINFO]:FileFlags:ctr : 1.0
[VS_FIXEDFILEINFO]:FileFlags:mean : 0.0
[VS_FIXEDFILEINFO]:FileOS:ctr : 1.0
[VS_FIXEDFILEINFO]:FileOS:mean : 4.0
[VS_FIXEDFILEINFO]:FileType:ctr : 1.0
[VS_FIXEDFILEINFO]:FileType:mean : 1.0
[VS_FIXEDFILEINFO]:FileSubtype:ctr : 1.0
[VS_FIXEDFILEINFO]:FileSubtype:mean : 0.0
[VS_FIXEDFILEINFO]:FileDateMS:ctr : 1.0
[VS_FIXEDFILEINFO]:FileDateMS:mean : 0.0
[VS_FIXEDFILEINFO]:FileDateLS:ctr : 1.0
[VS_FIXEDFILEINFO]:FileDateLS:mean : 0.0
[StringFileInfo]:Length:ctr : 1.0
[StringFileInfo]:Length:mean : 1106.0
[StringFileInfo]:ValueLength:ctr : 1.0
[StringFileInfo]:ValueLength:mean : 0.0
[StringFileInfo]:Type:ctr : 1.0
[StringFileInfo]:Type:mean : 1.0
  [StringTable]:Length:ctr : 1.0
  [StringTable]:Length:mean : 1070.0
  [StringTable]:ValueLength:ctr : 1.0
  [StringTable]:ValueLength:mean : 0.0
  [StringTable]:Type:ctr : 1.0
  [StringTable]:Type:mean : 1.0
[VarFileInfo]:Length:ctr : 1.0
[VarFileInfo]:Length:mean : 68.0
[VarFileInfo]:ValueLength:ctr : 1.0
[VarFileInfo]:ValueLength:mean : 0.0
[VarFileInfo]:Type:ctr : 1.0
[VarFileInfo]:Type:mean : 1.0
  [Var]:Length:ctr : 1.0
  [Var]:Length:mean : 36.0
  [Var]:ValueLength:ctr : 1.0
  [Var]:ValueLength:mean : 4.0
  [Var]:Type:ctr : 1.0
  [Var]:Type:mean : 0.0
  [Var]:    Translation:ctr : 1.0
  [Var]:    Translation:mean : 0.0
[IMAGE_IMPORT_DESCRIPTOR]:OriginalFirstThunk:ctr : 8.0
[IMAGE_IMPORT_DESCRIPTOR]:OriginalFirstThunk:mean : 0.0
[IMAGE_IMPORT_DESCRIPTOR]:OriginalFirstThunk:min : 0.0
[IMAGE_IMPORT_DESCRIPTOR]:OriginalFirstThunk:max : 0.0
[IMAGE_IMPORT_DESCRIPTOR]:Characteristics:ctr : 8.0
[IMAGE_IMPORT_DESCRIPTOR]:Characteristics:mean : 0.0
[IMAGE_IMPORT_DESCRIPTOR]:Characteristics:min : 0.0
[IMAGE_IMPORT_DESCRIPTOR]:Characteristics:max : 0.0
[IMAGE_IMPORT_DESCRIPTOR]:TimeDateStamp:ctr : 8.0
[IMAGE_IMPORT_DESCRIPTOR]:TimeDateStamp:mean : 0.0
[IMAGE_IMPORT_DESCRIPTOR]:TimeDateStamp:min : 0.0
[IMAGE_IMPORT_DESCRIPTOR]:TimeDateStamp:max : 0.0
[IMAGE_IMPORT_DESCRIPTOR]:ForwarderChain:ctr : 8.0
[IMAGE_IMPORT_DESCRIPTOR]:ForwarderChain:mean : 0.0
[IMAGE_IMPORT_DESCRIPTOR]:ForwarderChain:min : 0.0
[IMAGE_IMPORT_DESCRIPTOR]:ForwarderChain:max : 0.0
[IMAGE_IMPORT_DESCRIPTOR]:Name:ctr : 8.0
[IMAGE_IMPORT_DESCRIPTOR]:Name:mean : 54756.25
[IMAGE_IMPORT_DESCRIPTOR]:Name:min : 53844.0
[IMAGE_IMPORT_DESCRIPTOR]:Name:max : 55594.0
[IMAGE_IMPORT_DESCRIPTOR]:FirstThunk:ctr : 8.0
[IMAGE_IMPORT_DESCRIPTOR]:FirstThunk:mean : 53642.5
[IMAGE_IMPORT_DESCRIPTOR]:FirstThunk:min : 53428.0
[IMAGE_IMPORT_DESCRIPTOR]:FirstThunk:max : 53836.0
[IMAGE_RESOURCE_DIRECTORY]:Characteristics:ctr : 1.0
[IMAGE_RESOURCE_DIRECTORY]:Characteristics:mean : 0.0
[IMAGE_RESOURCE_DIRECTORY]:TimeDateStamp:ctr : 1.0
[IMAGE_RESOURCE_DIRECTORY]:TimeDateStamp:mean : 0.0
[IMAGE_RESOURCE_DIRECTORY]:MajorVersion:ctr : 1.0
[IMAGE_RESOURCE_DIRECTORY]:MajorVersion:mean : 4.0
[IMAGE_RESOURCE_DIRECTORY]:MinorVersion:ctr : 1.0
[IMAGE_RESOURCE_DIRECTORY]:MinorVersion:mean : 0.0
[IMAGE_RESOURCE_DIRECTORY]:NumberOfNamedEntries:ctr : 1.0
[IMAGE_RESOURCE_DIRECTORY]:NumberOfNamedEntries:mean : 0.0
[IMAGE_RESOURCE_DIRECTORY]:NumberOfIdEntries:ctr : 1.0
[IMAGE_RESOURCE_DIRECTORY]:NumberOfIdEntries:mean : 6.0
  [IMAGE_RESOURCE_DIRECTORY_ENTRY]:Name:ctr : 6.0
  [IMAGE_RESOURCE_DIRECTORY_ENTRY]:Name:mean : 12.166666666666666
  [IMAGE_RESOURCE_DIRECTORY_ENTRY]:Name:min : 3.0
  [IMAGE_RESOURCE_DIRECTORY_ENTRY]:Name:max : 24.0
  [IMAGE_RESOURCE_DIRECTORY_ENTRY]:OffsetToData:ctr : 6.0
  [IMAGE_RESOURCE_DIRECTORY_ENTRY]:OffsetToData:mean : 2147483872.0
  [IMAGE_RESOURCE_DIRECTORY_ENTRY]:OffsetToData:min : 1000000000.0
  [IMAGE_RESOURCE_DIRECTORY_ENTRY]:OffsetToData:max : 2147483960.0
    [IMAGE_RESOURCE_DIRECTORY]:Characteristics:ctr : 6.0
    [IMAGE_RESOURCE_DIRECTORY]:Characteristics:mean : 0.0
    [IMAGE_RESOURCE_DIRECTORY]:Characteristics:min : 0.0
    [IMAGE_RESOURCE_DIRECTORY]:Characteristics:max : 0.0
    [IMAGE_RESOURCE_DIRECTORY]:TimeDateStamp:ctr : 6.0
    [IMAGE_RESOURCE_DIRECTORY]:TimeDateStamp:mean : 0.0
    [IMAGE_RESOURCE_DIRECTORY]:TimeDateStamp:min : 0.0
    [IMAGE_RESOURCE_DIRECTORY]:TimeDateStamp:max : 0.0
    [IMAGE_RESOURCE_DIRECTORY]:MajorVersion:ctr : 6.0
    [IMAGE_RESOURCE_DIRECTORY]:MajorVersion:mean : 4.0
    [IMAGE_RESOURCE_DIRECTORY]:MajorVersion:min : 4.0
    [IMAGE_RESOURCE_DIRECTORY]:MajorVersion:max : 4.0
    [IMAGE_RESOURCE_DIRECTORY]:MinorVersion:ctr : 6.0
    [IMAGE_RESOURCE_DIRECTORY]:MinorVersion:mean : 0.0
    [IMAGE_RESOURCE_DIRECTORY]:MinorVersion:min : 0.0
    [IMAGE_RESOURCE_DIRECTORY]:MinorVersion:max : 0.0
    [IMAGE_RESOURCE_DIRECTORY]:NumberOfNamedEntries:ctr : 6.0
    [IMAGE_RESOURCE_DIRECTORY]:NumberOfNamedEntries:mean : 0.16666666666666666
    [IMAGE_RESOURCE_DIRECTORY]:NumberOfNamedEntries:min : 0.0
    [IMAGE_RESOURCE_DIRECTORY]:NumberOfNamedEntries:max : 1.0
    [IMAGE_RESOURCE_DIRECTORY]:NumberOfIdEntries:ctr : 6.0
    [IMAGE_RESOURCE_DIRECTORY]:NumberOfIdEntries:mean : 3.5
    [IMAGE_RESOURCE_DIRECTORY]:NumberOfIdEntries:min : 0.0
    [IMAGE_RESOURCE_DIRECTORY]:NumberOfIdEntries:max : 12.0
      [IMAGE_RESOURCE_DIRECTORY_ENTRY]:Name:ctr : 22.0
      [IMAGE_RESOURCE_DIRECTORY_ENTRY]:Name:mean : 97614573.04545455
      [IMAGE_RESOURCE_DIRECTORY_ENTRY]:Name:min : 1.0
      [IMAGE_RESOURCE_DIRECTORY_ENTRY]:Name:max : 2147484864.0
      [IMAGE_RESOURCE_DIRECTORY_ENTRY]:OffsetToData:ctr : 22.0
      [IMAGE_RESOURCE_DIRECTORY_ENTRY]:OffsetToData:mean : 2147484236.0
      [IMAGE_RESOURCE_DIRECTORY_ENTRY]:OffsetToData:min : 1000000000.0
      [IMAGE_RESOURCE_DIRECTORY_ENTRY]:OffsetToData:max : 2147484488.0
        [IMAGE_RESOURCE_DIRECTORY]:Characteristics:ctr : 22.0
        [IMAGE_RESOURCE_DIRECTORY]:Characteristics:mean : 0.0
        [IMAGE_RESOURCE_DIRECTORY]:Characteristics:min : 0.0
        [IMAGE_RESOURCE_DIRECTORY]:Characteristics:max : 0.0
        [IMAGE_RESOURCE_DIRECTORY]:TimeDateStamp:ctr : 22.0
        [IMAGE_RESOURCE_DIRECTORY]:TimeDateStamp:mean : 0.0
        [IMAGE_RESOURCE_DIRECTORY]:TimeDateStamp:min : 0.0
        [IMAGE_RESOURCE_DIRECTORY]:TimeDateStamp:max : 0.0
        [IMAGE_RESOURCE_DIRECTORY]:MajorVersion:ctr : 22.0
        [IMAGE_RESOURCE_DIRECTORY]:MajorVersion:mean : 4.0
        [IMAGE_RESOURCE_DIRECTORY]:MajorVersion:min : 4.0
        [IMAGE_RESOURCE_DIRECTORY]:MajorVersion:max : 4.0
        [IMAGE_RESOURCE_DIRECTORY]:MinorVersion:ctr : 22.0
        [IMAGE_RESOURCE_DIRECTORY]:MinorVersion:mean : 0.0
        [IMAGE_RESOURCE_DIRECTORY]:MinorVersion:min : 0.0
        [IMAGE_RESOURCE_DIRECTORY]:MinorVersion:max : 0.0
        [IMAGE_RESOURCE_DIRECTORY]:NumberOfNamedEntries:ctr : 22.0
        [IMAGE_RESOURCE_DIRECTORY]:NumberOfNamedEntries:mean : 0.0
        [IMAGE_RESOURCE_DIRECTORY]:NumberOfNamedEntries:min : 0.0
        [IMAGE_RESOURCE_DIRECTORY]:NumberOfNamedEntries:max : 0.0
        [IMAGE_RESOURCE_DIRECTORY]:NumberOfIdEntries:ctr : 22.0
        [IMAGE_RESOURCE_DIRECTORY]:NumberOfIdEntries:mean : 1.0
        [IMAGE_RESOURCE_DIRECTORY]:NumberOfIdEntries:min : 1.0
        [IMAGE_RESOURCE_DIRECTORY]:NumberOfIdEntries:max : 1.0
          [IMAGE_RESOURCE_DIRECTORY_ENTRY]:Name:ctr : 22.0
          [IMAGE_RESOURCE_DIRECTORY_ENTRY]:Name:mean : 704.3181818181819
          [IMAGE_RESOURCE_DIRECTORY_ENTRY]:Name:min : 0.0
          [IMAGE_RESOURCE_DIRECTORY_ENTRY]:Name:max : 1033.0
          [IMAGE_RESOURCE_DIRECTORY_ENTRY]:OffsetToData:ctr : 22.0
          [IMAGE_RESOURCE_DIRECTORY_ENTRY]:OffsetToData:mean : 1032.0
          [IMAGE_RESOURCE_DIRECTORY_ENTRY]:OffsetToData:min : 864.0
          [IMAGE_RESOURCE_DIRECTORY_ENTRY]:OffsetToData:max : 1200.0
            [IMAGE_RESOURCE_DATA_ENTRY]:OffsetToData:ctr : 22.0
            [IMAGE_RESOURCE_DATA_ENTRY]:OffsetToData:mean : 414354.54545454547
            [IMAGE_RESOURCE_DATA_ENTRY]:OffsetToData:min : 70868.0
            [IMAGE_RESOURCE_DATA_ENTRY]:OffsetToData:max : 531360.0
            [IMAGE_RESOURCE_DATA_ENTRY]:Size:ctr : 22.0
            [IMAGE_RESOURCE_DATA_ENTRY]:Size:mean : 21002.909090909092
            [IMAGE_RESOURCE_DATA_ENTRY]:Size:min : 44.0
            [IMAGE_RESOURCE_DATA_ENTRY]:Size:max : 270376.0
            [IMAGE_RESOURCE_DATA_ENTRY]:CodePage:ctr : 22.0
            [IMAGE_RESOURCE_DATA_ENTRY]:CodePage:mean : 1252.0
            [IMAGE_RESOURCE_DATA_ENTRY]:CodePage:min : 1252.0
            [IMAGE_RESOURCE_DATA_ENTRY]:CodePage:max : 1252.0
            [IMAGE_RESOURCE_DATA_ENTRY]:Reserved:ctr : 22.0
            [IMAGE_RESOURCE_DATA_ENTRY]:Reserved:mean : 0.0
            [IMAGE_RESOURCE_DATA_ENTRY]:Reserved:min : 0.0
            [IMAGE_RESOURCE_DATA_ENTRY]:Reserved:max : 0.0
[IMAGE_TLS_DIRECTORY]:StartAddressOfRawData:ctr : 1.0
[IMAGE_TLS_DIRECTORY]:StartAddressOfRawData:mean : 4251648.0
[IMAGE_TLS_DIRECTORY]:EndAddressOfRawData:ctr : 1.0
[IMAGE_TLS_DIRECTORY]:EndAddressOfRawData:mean : 4251656.0
[IMAGE_TLS_DIRECTORY]:AddressOfIndex:ctr : 1.0
[IMAGE_TLS_DIRECTORY]:AddressOfIndex:mean : 4244432.0
[IMAGE_TLS_DIRECTORY]:AddressOfCallBacks:ctr : 1.0
[IMAGE_TLS_DIRECTORY]:AddressOfCallBacks:mean : 4255760.0
[IMAGE_TLS_DIRECTORY]:SizeOfZeroFill:ctr : 1.0
[IMAGE_TLS_DIRECTORY]:SizeOfZeroFill:mean : 0.0
[IMAGE_TLS_DIRECTORY]:Characteristics:ctr : 1.0
[IMAGE_TLS_DIRECTORY]:Characteristics:mean : 0.0
